2024-09-30T08:37:31+00:00 DEBUG POST: https://business-api.tiktok.com/tbp/v2.0/business_profile/disconnect?external_data=

{"business_platform":"WOO_COMMERCE","external_business_id":"tt4b_woocommerce_66dea41e75f55"}
 ajax: no
2024-09-30T08:37:31+00:00 DEBUG Tt4b_Mapi_Class::tbp_post: Response: 

HTTP/1.1 200 OK
Content-Type: application/json; charset=utf-8
Content-Length: 95
X-Api-Deprecation-Info: API for Business Version 1.3 is now live. To avoid disruption to your business, we recommend you migrate all calls to v1.3 as soon as possible. Please visit our migration guide for more details: https://ads.tiktok.com/marketing_api/docs?id=1740029169927169
X-Domain-Change-Info: We have moved to the new domain business-api.tiktok.com for API services after the Platform Upgrade on 09/30/2021. Please update all of your requests with the new domain if you haven't done so already. For more information, please visit https://ads.tiktok.com/marketing_api/docs?rid=esb88xalm6m&id=1709207085043713
X-Tt-Logid: 2024093008373313A289A7F39CDD1B2DF7
Server-Timing: inner; dur=10
x-tt-trace-host: 015d32ae2253d14eae6830b6b2e03e00e56695f1819212116397501767d48d76a87103359b943ad123614d2be1a5ce12bf95ffeb1b3cd8ff7786722e5509222e8e91f1fda6ffed638ed1eb591df5f565ee172c293a87f12f8a3428d5b12463484a
x-tt-trace-id: 00-24093008373313A289A7F39CDD1B2DF7-004229B416CEAB53-00
Server: TLB
Expires: Mon, 30 Sep 2024 08:37:34 GMT
Cache-Control: max-age=0, no-cache, no-store
Pragma: no-cache
Date: Mon, 30 Sep 2024 08:37:34 GMT
X-Cache: TCP_MISS from a23-202-34-141.deploy.akamaitechnologies.com (AkamaiGHost/11.6.4-3dc23d207184ce034768276f9716916d) (-)
Connection: close
x-tt-trace-tag: id=16;cdn-cache=miss;type=dyn
Server-Timing: cdn-cache; desc=MISS, edge; dur=1, origin; dur=45
X-Origin-Response-Time: 46,23.202.34.141
X-Akamai-Request-ID: 1d712ec6

{"code":40001,"message":"Permission denied.","request_id":"2024093008373313A289A7F39CDD1B2DF7"}

2024-09-30T08:37:31+00:00 DEBUG POST: https://business-api.tiktok.com/tbp/v2.0/shop/connection/disconnect?external_data=

--- EMPTY STRING ---
 ajax: no
2024-09-30T08:37:31+00:00 DEBUG Tt4b_Mapi_Class::tts_shop_disconnect: Response: 

HTTP/1.1 200 OK
Content-Type: application/json; charset=utf-8
Content-Length: 95
X-Api-Deprecation-Info: API for Business Version 1.3 is now live. To avoid disruption to your business, we recommend you migrate all calls to v1.3 as soon as possible. Please visit our migration guide for more details: https://ads.tiktok.com/marketing_api/docs?id=1740029169927169
X-Domain-Change-Info: We have moved to the new domain business-api.tiktok.com for API services after the Platform Upgrade on 09/30/2021. Please update all of your requests with the new domain if you haven't done so already. For more information, please visit https://ads.tiktok.com/marketing_api/docs?rid=esb88xalm6m&id=1709207085043713
X-Tt-Logid: 2024093008373313A289A7F39CDD1B2E02
Server-Timing: inner; dur=9
x-tt-trace-host: 015d32ae2253d14eae6830b6b2e03e00e56695f1819212116397501767d48d76a87103359b943ad123614d2be1a5ce12bf95ffeb1b3cd8ff7786722e5509222e8e5d4a20988f28ea27d1fe25130edf831f2e94fe608bd29c8d91986b9e1d6c4b78
x-tt-trace-id: 00-24093008373313A289A7F39CDD1B2E02-004229B416CEAB6C-00
Server: TLB
Expires: Mon, 30 Sep 2024 08:37:34 GMT
Cache-Control: max-age=0, no-cache, no-store
Pragma: no-cache
Date: Mon, 30 Sep 2024 08:37:34 GMT
X-Cache: TCP_MISS from a23-202-34-141.deploy.akamaitechnologies.com (AkamaiGHost/11.6.4-3dc23d207184ce034768276f9716916d) (-)
Connection: close
x-tt-trace-tag: id=16;cdn-cache=miss;type=dyn
Server-Timing: cdn-cache; desc=MISS, edge; dur=1, origin; dur=44
X-Origin-Response-Time: 44,23.202.34.141
X-Akamai-Request-ID: 1d7130cb

{"code":40001,"message":"Permission denied.","request_id":"2024093008373313A289A7F39CDD1B2E02"}

2024-09-30T08:37:49+00:00 DEBUG POST: https://ads.tiktok.com/marketing_api/api/developer/app/create_auto_approve/

{"business_platform":"PROD","smb_id":"tt4b_woocommerce_66dea41e75f55httphoteltest8080wp-admin","smb_name":"PROD","redirect_url":"http:\/\/hotel.test:8080\/wp-admin\/"}
 ajax: no
2024-09-30T08:37:49+00:00 DEBUG Tt4b_Mapi_Class::create_open_source_app: Response: 

HTTP/1.1 200 OK
Content-Type: application/json
X-Tt-Logid: 20240930083751FB14CEB8AA55051CF7B3,20240930083751FB14CEB8AA55051CF7B3
Strict-Transport-Security: max-age=31536000; includeSubDomains
x-tt-trace-host: 0134fc45e7108f0924fcba681258f66fe7667330b7bed8b58c2b68fc41dec47df9928c0ad39b0403c0fc3f891c41415c9e3935676005a243ec4abcf2f0bb29726ce44a9e6ff22b15521b0105527411c27bc13b979e4b4ca7e1e958944499af39f1a5774a4ee7bd1754918836b83e13ff81
x-tt-trace-id: 00-240930083751FB14CEB8AA55051CF7B3-594B839E7033921D-00
Server: TLB
Content-Encoding: gzip
Content-Length: 204
X-Origin-Response-Time: 96,23.52.40.36
X-Akamai-Request-ID: a3c7dbf6.778f9d11
Date: Mon, 30 Sep 2024 08:37:52 GMT
X-Cache: TCP_MISS from a113-171-10-143.deploy.akamaitechnologies.com (AkamaiGHost/11.6.4-e26983a004e229b4ffa935b6e3b2fe8f) (-)
Connection: close
Vary: Accept-Encoding
X-Cache-Remote: TCP_MISS from a23-52-40-36.deploy.akamaitechnologies.com (AkamaiGHost/11.6.4-e26983a004e229b4ffa935b6e3b2fe8f) (-)
x-tt-trace-tag: id=16;cdn-cache=miss;type=dyn
Server-Timing: cdn-cache; desc=MISS, edge; dur=89, origin; dur=96
Server-Timing: inner; dur=80
X-Parent-Response-Time: 173,113.171.10.143

{"code":0,"msg":"ok","data":{"app_secret":"5e1a8362cca82cde667d3c6bafd06ac47e767475","redirect_uri":"http:\/\/hotel.test:8080\/wp-admin\/","app_id":"7420352601910493200","external_data_key":"a08203e6-3041-4e99-b060-dab82d367936"}}

2024-09-30T08:52:29+00:00 DEBUG Tt4b_Pixel_Class::inject_add_to_cart_event: hit AddToCart
2024-09-30T08:52:29+00:00 DEBUG Tt4b_Pixel_Class::inject_add_to_cart_event: Missing option "access_token"
2024-09-30T08:52:29+00:00 DEBUG Tt4b_Pixel_Class::inject_add_to_cart_event: hit AddToCart
2024-09-30T08:52:29+00:00 DEBUG Tt4b_Pixel_Class::inject_add_to_cart_event: Missing option "access_token"
